<!DOCTYPE html>
<html>
<head>
    <title>Unittest Results</title>
    <meta charset="utf-8">
    <meta name="viewport" content="width=device-width, initial-scale=1.0">
    <link rel="stylesheet" href="https://maxcdn.bootstrapcdn.com/bootstrap/3.3.6/css/bootstrap.min.css" integrity="sha384-1q8mTJOASx8j1Au+a5WDVnPi2lkFfwwEAa8hDDdjZlpLegxhjVME1fgjWPGmkzs7" crossorigin="anonymous">
</head>
<body>
    <div class="container">
        <div class="row">
            <div class="col-xs-12">
                <h2 class="text-capitalize">Unittest Results</h2>
                <p class='attribute'><strong>Start Time: </strong>2023-04-04 15:59:48</p>
                <p class='attribute'><strong>Duration: </strong>31.07 s</p>
                <p class='attribute'><strong>Summary: </strong>Total: 4, Pass: 1, Fail: 2, Error: 1</p>
            </div>
        </div>
        <div class="row">
            <div class="col-xs-12 col-sm-10 col-md-10">
                <table class='table table-hover table-responsive'>
                    <thead>
                        <tr>
                            <th>__main__.ProfilePageTest</th>
                            <th>Status</th>
                            <th></th>
                        </tr>
                    </thead>
                    <tbody>
                        <tr class='warning'>
                            <td class="col-xs-10">test_modify_gender_1___M____男__</td>
                            <td class="col-xs-1">
                                <span class="label label-warning" style="display:block;width:40px;">Error</span>
                            </td>
                            <td class="col-xs-1">
                                <button class="btn btn-default btn-xs">View</button>
                            </td>
                        </tr>
                        <tr style="display:none;">
                            <td class="col-xs-9" colspan="3"><p style="color:maroon;">ElementClickInterceptedException: Message: element click intercepted: Element <div class="cell" data-v-fa5e9e5e="">...</div> is not clickable at point (179, 910). Other element would receive the click: <div class="coupon" data-v-65341039="">...</div>
  (Session info: chrome=111.0.5563.147)
Stacktrace:
Backtrace:
	(No symbol) [0x00D1DCE3]
	(No symbol) [0x00CB39D1]
	(No symbol) [0x00BC4DA8]
	(No symbol) [0x00BF52EA]
	(No symbol) [0x00BF3BBA]
	(No symbol) [0x00BF1EFB]
	(No symbol) [0x00BF1027]
	(No symbol) [0x00BE8D05]
	(No symbol) [0x00C0AECC]
	(No symbol) [0x00BE8726]
	(No symbol) [0x00C0B224]
	(No symbol) [0x00C1D57C]
	(No symbol) [0x00C0ACC6]
	(No symbol) [0x00BE6F68]
	(No symbol) [0x00BE80CD]
	GetHandleVerifier [0x00F93832+2506274]
	GetHandleVerifier [0x00FC9794+2727300]
	GetHandleVerifier [0x00FCE36C+2746716]
	GetHandleVerifier [0x00DC6690+617600]
	(No symbol) [0x00CBC712]
	(No symbol) [0x00CC1FF8]
	(No symbol) [0x00CC20DB]
	(No symbol) [0x00CCC63B]
	BaseThreadInitThunk [0x76CB7D69+25]
	RtlInitializeExceptionChain [0x77E0B74B+107]
	RtlClearBits [0x77E0B6CF+191]
</p><p style="color:maroon;">Traceback (most recent call last):
  File "e:\hkmu-Project2022\FYP-AutomationWebTesting\src\KFC\tests\profilepage\profilepage_ddt_test.py", line 30, in setUp
    login.go_profilepage()
  File "./src/KFC\pages\Pages.py", line 29, in go_profilepage
    WebDriverWait(self.driver, 20).until(EC.element_to_be_clickable(MainpageLocators.profilepage_button)).click()
  File "E:\hkmu-Project2022\FYP-AutomationWebTesting\automation-web-selenium\lib\site-packages\selenium\webdriver\remote\webelement.py", line 93, in click
    self._execute(Command.CLICK_ELEMENT)
  File "E:\hkmu-Project2022\FYP-AutomationWebTesting\automation-web-selenium\lib\site-packages\selenium\webdriver\remote\webelement.py", line 410, in _execute
    return self._parent.execute(command, params)
  File "E:\hkmu-Project2022\FYP-AutomationWebTesting\automation-web-selenium\lib\site-packages\selenium\webdriver\remote\webdriver.py", line 444, in execute
    self.error_handler.check_response(response)
  File "E:\hkmu-Project2022\FYP-AutomationWebTesting\automation-web-selenium\lib\site-packages\selenium\webdriver\remote\errorhandler.py", line 249, in check_response
    raise exception_class(message, screen, stacktrace)
selenium.common.exceptions.ElementClickInterceptedException: Message: element click intercepted: Element <div class="cell" data-v-fa5e9e5e="">...</div> is not clickable at point (179, 910). Other element would receive the click: <div class="coupon" data-v-65341039="">...</div>
  (Session info: chrome=111.0.5563.147)
Stacktrace:
Backtrace:
	(No symbol) [0x00D1DCE3]
	(No symbol) [0x00CB39D1]
	(No symbol) [0x00BC4DA8]
	(No symbol) [0x00BF52EA]
	(No symbol) [0x00BF3BBA]
	(No symbol) [0x00BF1EFB]
	(No symbol) [0x00BF1027]
	(No symbol) [0x00BE8D05]
	(No symbol) [0x00C0AECC]
	(No symbol) [0x00BE8726]
	(No symbol) [0x00C0B224]
	(No symbol) [0x00C1D57C]
	(No symbol) [0x00C0ACC6]
	(No symbol) [0x00BE6F68]
	(No symbol) [0x00BE80CD]
	GetHandleVerifier [0x00F93832+2506274]
	GetHandleVerifier [0x00FC9794+2727300]
	GetHandleVerifier [0x00FCE36C+2746716]
	GetHandleVerifier [0x00DC6690+617600]
	(No symbol) [0x00CBC712]
	(No symbol) [0x00CC1FF8]
	(No symbol) [0x00CC20DB]
	(No symbol) [0x00CCC63B]
	BaseThreadInitThunk [0x76CB7D69+25]
	RtlInitializeExceptionChain [0x77E0B74B+107]
	RtlClearBits [0x77E0B6CF+191]

</p>
                            </td>
                        </tr>
                        <tr class='danger'>
                            <td class="col-xs-10">test_modify_gender_2___F____女__</td>
                            <td class="col-xs-1">
                                <span class="label label-danger" style="display:block;width:40px;">Fail</span>
                            </td>
                            <td class="col-xs-1">
                                <button class="btn btn-default btn-xs">View</button>
                            </td>
                        </tr>
                        <tr style="display:none;">
                            <td class="col-xs-9" colspan="3"><p>男
男
男
男
Test completed
</p><p style="color:maroon;">AssertionError: '女' != '男'
- 女
+ 男
</p><p style="color:maroon;">Traceback (most recent call last):
  File "E:\hkmu-Project2022\FYP-AutomationWebTesting\automation-web-selenium\lib\site-packages\ddt.py", line 220, in wrapper
    return func(self, *args, **kwargs)
  File "e:\hkmu-Project2022\FYP-AutomationWebTesting\src\KFC\tests\profilepage\profilepage_ddt_test.py", line 48, in test_modify_gender
    self.assertEqual(suppose_vaiable,current_variable)
AssertionError: '女' != '男'
- 女
+ 男

</p>
                            </td>
                        </tr>
                        <tr class='danger'>
                            <td class="col-xs-10">test_modify_gender_3___ND____非公開__</td>
                            <td class="col-xs-1">
                                <span class="label label-danger" style="display:block;width:40px;">Fail</span>
                            </td>
                            <td class="col-xs-1">
                                <button class="btn btn-default btn-xs">View</button>
                            </td>
                        </tr>
                        <tr style="display:none;">
                            <td class="col-xs-9" colspan="3"><p>男
男
男
男
Test completed
</p><p style="color:maroon;">AssertionError: '非公開' != '男'
- 非公開
+ 男
</p><p style="color:maroon;">Traceback (most recent call last):
  File "E:\hkmu-Project2022\FYP-AutomationWebTesting\automation-web-selenium\lib\site-packages\ddt.py", line 220, in wrapper
    return func(self, *args, **kwargs)
  File "e:\hkmu-Project2022\FYP-AutomationWebTesting\src\KFC\tests\profilepage\profilepage_ddt_test.py", line 48, in test_modify_gender
    self.assertEqual(suppose_vaiable,current_variable)
AssertionError: '非公開' != '男'
- 非公開
+ 男

</p>
                            </td>
                        </tr>
                        <tr class='success'>
                            <td class="col-xs-10">test_modify_username</td>
                            <td class="col-xs-1">
                                <span class="label label-success" style="display:block;width:40px;">Pass</span>
                            </td>
                            <td class="col-xs-1">
                                <button class="btn btn-default btn-xs">View</button>
                            </td>
                        </tr>
                        <tr style="display:none;">
                            <td class="col-xs-9" colspan="3"><p>Test completed
</p>
                            </td>
                        </tr>
                        <tr>
                            <td colspan="3">
                                Total: 4, Pass: 1, Fail: 2, Error: 1 -- Duration: 31.07 s
                            </td>
                        </tr>
                    </tbody>
                </table>
            </div>
        </div>
    </div>
    <script src="https://ajax.googleapis.com/ajax/libs/jquery/2.2.4/jquery.min.js"></script>
    <script type="text/javascript">
        $(document).ready(function(){
            $('td').on('click', '.btn', function(e){
                e.preventDefault();
                e.stopImmediatePropagation();
                var $this = $(this);
                var $nextRow = $this.closest('tr').next('tr');
                $nextRow.slideToggle("fast");
                $this.text(function(i, text){
                    if (text === 'View') {
                        return 'Hide';
                    } else {
                        return 'View';
                    };
                });
            });
        });
    </script>
</body>
</html