<!DOCTYPE html>
<html>
<head>
    <title>Unittest Results</title>
    <meta charset="utf-8">
    <meta name="viewport" content="width=device-width, initial-scale=1.0">
    <link rel="stylesheet" href="https://maxcdn.bootstrapcdn.com/bootstrap/3.3.6/css/bootstrap.min.css" integrity="sha384-1q8mTJOASx8j1Au+a5WDVnPi2lkFfwwEAa8hDDdjZlpLegxhjVME1fgjWPGmkzs7" crossorigin="anonymous">
</head>
<body>
    <div class="container">
        <div class="row">
            <div class="col-xs-12">
                <h2 class="text-capitalize">Unittest Results</h2>
                <p class='attribute'><strong>Start Time: </strong>2023-02-11 15:27:00</p>
                <p class='attribute'><strong>Duration: </strong>35.51 s</p>
                <p class='attribute'><strong>Summary: </strong>Total: 4, Pass: 1, Error: 3</p>
            </div>
        </div>
        <div class="row">
            <div class="col-xs-12 col-sm-10 col-md-10">
                <table class='table table-hover table-responsive'>
                    <thead>
                        <tr>
                            <th>__main__.ProfilePageTest</th>
                            <th>Status</th>
                            <th></th>
                        </tr>
                    </thead>
                    <tbody>
                        <tr class='warning'>
                            <td class="col-xs-10">test_modify_gender_1___M____Male_____app___div_person___div_van_popup_van_popup__round_van_popup__bottom_popup___div_nth_child_1___</td>
                            <td class="col-xs-1">
                                <span class="label label-warning" style="display:block;width:40px;">Error</span>
                            </td>
                            <td class="col-xs-1">
                                <button class="btn btn-default btn-xs">View</button>
                            </td>
                        </tr>
                        <tr style="display:none;">
                            <td class="col-xs-9" colspan="3"><p>Test completed
</p><p style="color:maroon;">TypeError: element_to_be_clickable() takes 1 positional argument but 2 were given</p><p style="color:maroon;">Traceback (most recent call last):
  File "E:\hkmu-Project2022\FYP-AutomationWebTesting\automation-web-selenium\lib\site-packages\ddt.py", line 220, in wrapper
    return func(self, *args, **kwargs)
  File "e:\hkmu-Project2022\FYP-AutomationWebTesting\src\KFC\tests\profilepage_ddt_test.py", line 38, in test_modify_gender
    profile_gender.modify_gender(locator)
  File "./src/KFC\pages\Pages.py", line 126, in modify_gender
    WebDriverWait(self.driver, 20).until(EC.element_to_be_clickable(By.CSS_SELECTOR,locator)).click()
TypeError: element_to_be_clickable() takes 1 positional argument but 2 were given
</p>
                            </td>
                        </tr>
                        <tr class='warning'>
                            <td class="col-xs-10">test_modify_gender_2___F____Female_____app___div_person___div_van_popup_van_popup__round_van_popup__bottom_popup___div_nth_child_2___</td>
                            <td class="col-xs-1">
                                <span class="label label-warning" style="display:block;width:40px;">Error</span>
                            </td>
                            <td class="col-xs-1">
                                <button class="btn btn-default btn-xs">View</button>
                            </td>
                        </tr>
                        <tr style="display:none;">
                            <td class="col-xs-9" colspan="3"><p>Test completed
</p><p style="color:maroon;">TypeError: element_to_be_clickable() takes 1 positional argument but 2 were given</p><p style="color:maroon;">Traceback (most recent call last):
  File "E:\hkmu-Project2022\FYP-AutomationWebTesting\automation-web-selenium\lib\site-packages\ddt.py", line 220, in wrapper
    return func(self, *args, **kwargs)
  File "e:\hkmu-Project2022\FYP-AutomationWebTesting\src\KFC\tests\profilepage_ddt_test.py", line 38, in test_modify_gender
    profile_gender.modify_gender(locator)
  File "./src/KFC\pages\Pages.py", line 126, in modify_gender
    WebDriverWait(self.driver, 20).until(EC.element_to_be_clickable(By.CSS_SELECTOR,locator)).click()
TypeError: element_to_be_clickable() takes 1 positional argument but 2 were given
</p>
                            </td>
                        </tr>
                        <tr class='warning'>
                            <td class="col-xs-10">test_modify_gender_3___ND____Non_Disclosure_____app___div_person___div_van_popup_van_popup__round_van_popup__bottom_popup___div_nth_child_3___</td>
                            <td class="col-xs-1">
                                <span class="label label-warning" style="display:block;width:40px;">Error</span>
                            </td>
                            <td class="col-xs-1">
                                <button class="btn btn-default btn-xs">View</button>
                            </td>
                        </tr>
                        <tr style="display:none;">
                            <td class="col-xs-9" colspan="3"><p>Test completed
</p><p style="color:maroon;">TypeError: element_to_be_clickable() takes 1 positional argument but 2 were given</p><p style="color:maroon;">Traceback (most recent call last):
  File "E:\hkmu-Project2022\FYP-AutomationWebTesting\automation-web-selenium\lib\site-packages\ddt.py", line 220, in wrapper
    return func(self, *args, **kwargs)
  File "e:\hkmu-Project2022\FYP-AutomationWebTesting\src\KFC\tests\profilepage_ddt_test.py", line 38, in test_modify_gender
    profile_gender.modify_gender(locator)
  File "./src/KFC\pages\Pages.py", line 126, in modify_gender
    WebDriverWait(self.driver, 20).until(EC.element_to_be_clickable(By.CSS_SELECTOR,locator)).click()
TypeError: element_to_be_clickable() takes 1 positional argument but 2 were given
</p>
                            </td>
                        </tr>
                        <tr class='success'>
                            <td class="col-xs-10">test_modify_username</td>
                            <td class="col-xs-1">
                                <span class="label label-success" style="display:block;width:40px;">Pass</span>
                            </td>
                            <td class="col-xs-1">
                                <button class="btn btn-default btn-xs">View</button>
                            </td>
                        </tr>
                        <tr style="display:none;">
                            <td class="col-xs-9" colspan="3"><p>Test completed
</p>
                            </td>
                        </tr>
                        <tr>
                            <td colspan="3">
                                Total: 4, Pass: 1, Error: 3 -- Duration: 35.51 s
                            </td>
                        </tr>
                    </tbody>
                </table>
            </div>
        </div>
    </div>
    <script src="https://ajax.googleapis.com/ajax/libs/jquery/2.2.4/jquery.min.js"></script>
    <script type="text/javascript">
        $(document).ready(function(){
            $('td').on('click', '.btn', function(e){
                e.preventDefault();
                e.stopImmediatePropagation();
                var $this = $(this);
                var $nextRow = $this.closest('tr').next('tr');
                $nextRow.slideToggle("fast");
                $this.text(function(i, text){
                    if (text === 'View') {
                        return 'Hide';
                    } else {
                        return 'View';
                    };
                });
            });
        });
    </script>
</body>
</html