<!DOCTYPE html>
<html>
<head>
    <title>Unittest Results</title>
    <meta charset="utf-8">
    <meta name="viewport" content="width=device-width, initial-scale=1.0">
    <link rel="stylesheet" href="https://maxcdn.bootstrapcdn.com/bootstrap/3.3.6/css/bootstrap.min.css" integrity="sha384-1q8mTJOASx8j1Au+a5WDVnPi2lkFfwwEAa8hDDdjZlpLegxhjVME1fgjWPGmkzs7" crossorigin="anonymous">
</head>
<body>
    <div class="container">
        <div class="row">
            <div class="col-xs-12">
                <h2 class="text-capitalize">Unittest Results</h2>
                <p class='attribute'><strong>Start Time: </strong>2023-02-11 14:51:35</p>
                <p class='attribute'><strong>Duration: </strong>37.07 s</p>
                <p class='attribute'><strong>Summary: </strong>Total: 4, Pass: 1, Error: 3</p>
            </div>
        </div>
        <div class="row">
            <div class="col-xs-12 col-sm-10 col-md-10">
                <table class='table table-hover table-responsive'>
                    <thead>
                        <tr>
                            <th>__main__.ProfilePageTest</th>
                            <th>Status</th>
                            <th></th>
                        </tr>
                    </thead>
                    <tbody>
                        <tr class='warning'>
                            <td class="col-xs-10">test_modify_gender_1___M____Male__</td>
                            <td class="col-xs-1">
                                <span class="label label-warning" style="display:block;width:40px;">Error</span>
                            </td>
                            <td class="col-xs-1">
                                <button class="btn btn-default btn-xs">View</button>
                            </td>
                        </tr>
                        <tr style="display:none;">
                            <td class="col-xs-9" colspan="3"><p>Test completed
</p><p style="color:maroon;">InvalidArgumentException: Message: invalid argument: 'using' must be a string
  (Session info: chrome=109.0.5414.120)
Stacktrace:
Backtrace:
	(No symbol) [0x00756643]
	(No symbol) [0x006EBE21]
	(No symbol) [0x005EDA9D]
	(No symbol) [0x006213F3]
	(No symbol) [0x0062147B]
	(No symbol) [0x00658DC2]
	(No symbol) [0x0063FDC4]
	(No symbol) [0x00656B09]
	(No symbol) [0x0063FB76]
	(No symbol) [0x006149C1]
	(No symbol) [0x00615E5D]
	GetHandleVerifier [0x009CA142+2497106]
	GetHandleVerifier [0x009F85D3+2686691]
	GetHandleVerifier [0x009FBB9C+2700460]
	GetHandleVerifier [0x00803B10+635936]
	(No symbol) [0x006F4A1F]
	(No symbol) [0x006FA418]
	(No symbol) [0x006FA505]
	(No symbol) [0x0070508B]
	BaseThreadInitThunk [0x74E000F9+25]
	RtlGetAppContainerNamedObjectPath [0x76F47BBE+286]
	RtlGetAppContainerNamedObjectPath [0x76F47B8E+238]
</p><p style="color:maroon;">Traceback (most recent call last):
  File "E:\hkmu-Project2022\FYP-AutomationWebTesting\automation-web-selenium\lib\site-packages\ddt.py", line 220, in wrapper
    return func(self, *args, **kwargs)
  File "e:\hkmu-Project2022\FYP-AutomationWebTesting\src\KFC\tests\profilepage_ddt_test.py", line 37, in test_modify_gender
    current_variable = profile_gender.get_currnet_gender()
  File "./src/KFC\pages\Pages.py", line 129, in get_currnet_gender
    return self.driver.find_element(ProfilePageLocators.gender_current_text).text
  File "E:\hkmu-Project2022\FYP-AutomationWebTesting\automation-web-selenium\lib\site-packages\selenium\webdriver\remote\webdriver.py", line 861, in find_element
    return self.execute(Command.FIND_ELEMENT, {"using": by, "value": value})["value"]
  File "E:\hkmu-Project2022\FYP-AutomationWebTesting\automation-web-selenium\lib\site-packages\selenium\webdriver\remote\webdriver.py", line 444, in execute
    self.error_handler.check_response(response)
  File "E:\hkmu-Project2022\FYP-AutomationWebTesting\automation-web-selenium\lib\site-packages\selenium\webdriver\remote\errorhandler.py", line 249, in check_response
    raise exception_class(message, screen, stacktrace)
selenium.common.exceptions.InvalidArgumentException: Message: invalid argument: 'using' must be a string
  (Session info: chrome=109.0.5414.120)
Stacktrace:
Backtrace:
	(No symbol) [0x00756643]
	(No symbol) [0x006EBE21]
	(No symbol) [0x005EDA9D]
	(No symbol) [0x006213F3]
	(No symbol) [0x0062147B]
	(No symbol) [0x00658DC2]
	(No symbol) [0x0063FDC4]
	(No symbol) [0x00656B09]
	(No symbol) [0x0063FB76]
	(No symbol) [0x006149C1]
	(No symbol) [0x00615E5D]
	GetHandleVerifier [0x009CA142+2497106]
	GetHandleVerifier [0x009F85D3+2686691]
	GetHandleVerifier [0x009FBB9C+2700460]
	GetHandleVerifier [0x00803B10+635936]
	(No symbol) [0x006F4A1F]
	(No symbol) [0x006FA418]
	(No symbol) [0x006FA505]
	(No symbol) [0x0070508B]
	BaseThreadInitThunk [0x74E000F9+25]
	RtlGetAppContainerNamedObjectPath [0x76F47BBE+286]
	RtlGetAppContainerNamedObjectPath [0x76F47B8E+238]

</p>
                            </td>
                        </tr>
                        <tr class='warning'>
                            <td class="col-xs-10">test_modify_gender_2___F____Female__</td>
                            <td class="col-xs-1">
                                <span class="label label-warning" style="display:block;width:40px;">Error</span>
                            </td>
                            <td class="col-xs-1">
                                <button class="btn btn-default btn-xs">View</button>
                            </td>
                        </tr>
                        <tr style="display:none;">
                            <td class="col-xs-9" colspan="3"><p>Test completed
</p><p style="color:maroon;">InvalidArgumentException: Message: invalid argument: 'using' must be a string
  (Session info: chrome=109.0.5414.120)
Stacktrace:
Backtrace:
	(No symbol) [0x00756643]
	(No symbol) [0x006EBE21]
	(No symbol) [0x005EDA9D]
	(No symbol) [0x006213F3]
	(No symbol) [0x0062147B]
	(No symbol) [0x00658DC2]
	(No symbol) [0x0063FDC4]
	(No symbol) [0x00656B09]
	(No symbol) [0x0063FB76]
	(No symbol) [0x006149C1]
	(No symbol) [0x00615E5D]
	GetHandleVerifier [0x009CA142+2497106]
	GetHandleVerifier [0x009F85D3+2686691]
	GetHandleVerifier [0x009FBB9C+2700460]
	GetHandleVerifier [0x00803B10+635936]
	(No symbol) [0x006F4A1F]
	(No symbol) [0x006FA418]
	(No symbol) [0x006FA505]
	(No symbol) [0x0070508B]
	BaseThreadInitThunk [0x74E000F9+25]
	RtlGetAppContainerNamedObjectPath [0x76F47BBE+286]
	RtlGetAppContainerNamedObjectPath [0x76F47B8E+238]
</p><p style="color:maroon;">Traceback (most recent call last):
  File "E:\hkmu-Project2022\FYP-AutomationWebTesting\automation-web-selenium\lib\site-packages\ddt.py", line 220, in wrapper
    return func(self, *args, **kwargs)
  File "e:\hkmu-Project2022\FYP-AutomationWebTesting\src\KFC\tests\profilepage_ddt_test.py", line 37, in test_modify_gender
    current_variable = profile_gender.get_currnet_gender()
  File "./src/KFC\pages\Pages.py", line 129, in get_currnet_gender
    return self.driver.find_element(ProfilePageLocators.gender_current_text).text
  File "E:\hkmu-Project2022\FYP-AutomationWebTesting\automation-web-selenium\lib\site-packages\selenium\webdriver\remote\webdriver.py", line 861, in find_element
    return self.execute(Command.FIND_ELEMENT, {"using": by, "value": value})["value"]
  File "E:\hkmu-Project2022\FYP-AutomationWebTesting\automation-web-selenium\lib\site-packages\selenium\webdriver\remote\webdriver.py", line 444, in execute
    self.error_handler.check_response(response)
  File "E:\hkmu-Project2022\FYP-AutomationWebTesting\automation-web-selenium\lib\site-packages\selenium\webdriver\remote\errorhandler.py", line 249, in check_response
    raise exception_class(message, screen, stacktrace)
selenium.common.exceptions.InvalidArgumentException: Message: invalid argument: 'using' must be a string
  (Session info: chrome=109.0.5414.120)
Stacktrace:
Backtrace:
	(No symbol) [0x00756643]
	(No symbol) [0x006EBE21]
	(No symbol) [0x005EDA9D]
	(No symbol) [0x006213F3]
	(No symbol) [0x0062147B]
	(No symbol) [0x00658DC2]
	(No symbol) [0x0063FDC4]
	(No symbol) [0x00656B09]
	(No symbol) [0x0063FB76]
	(No symbol) [0x006149C1]
	(No symbol) [0x00615E5D]
	GetHandleVerifier [0x009CA142+2497106]
	GetHandleVerifier [0x009F85D3+2686691]
	GetHandleVerifier [0x009FBB9C+2700460]
	GetHandleVerifier [0x00803B10+635936]
	(No symbol) [0x006F4A1F]
	(No symbol) [0x006FA418]
	(No symbol) [0x006FA505]
	(No symbol) [0x0070508B]
	BaseThreadInitThunk [0x74E000F9+25]
	RtlGetAppContainerNamedObjectPath [0x76F47BBE+286]
	RtlGetAppContainerNamedObjectPath [0x76F47B8E+238]

</p>
                            </td>
                        </tr>
                        <tr class='warning'>
                            <td class="col-xs-10">test_modify_gender_3___ND____Non_Disclosure__</td>
                            <td class="col-xs-1">
                                <span class="label label-warning" style="display:block;width:40px;">Error</span>
                            </td>
                            <td class="col-xs-1">
                                <button class="btn btn-default btn-xs">View</button>
                            </td>
                        </tr>
                        <tr style="display:none;">
                            <td class="col-xs-9" colspan="3"><p>Test completed
</p><p style="color:maroon;">InvalidArgumentException: Message: invalid argument: 'using' must be a string
  (Session info: chrome=109.0.5414.120)
Stacktrace:
Backtrace:
	(No symbol) [0x00756643]
	(No symbol) [0x006EBE21]
	(No symbol) [0x005EDA9D]
	(No symbol) [0x006213F3]
	(No symbol) [0x0062147B]
	(No symbol) [0x00658DC2]
	(No symbol) [0x0063FDC4]
	(No symbol) [0x00656B09]
	(No symbol) [0x0063FB76]
	(No symbol) [0x006149C1]
	(No symbol) [0x00615E5D]
	GetHandleVerifier [0x009CA142+2497106]
	GetHandleVerifier [0x009F85D3+2686691]
	GetHandleVerifier [0x009FBB9C+2700460]
	GetHandleVerifier [0x00803B10+635936]
	(No symbol) [0x006F4A1F]
	(No symbol) [0x006FA418]
	(No symbol) [0x006FA505]
	(No symbol) [0x0070508B]
	BaseThreadInitThunk [0x74E000F9+25]
	RtlGetAppContainerNamedObjectPath [0x76F47BBE+286]
	RtlGetAppContainerNamedObjectPath [0x76F47B8E+238]
</p><p style="color:maroon;">Traceback (most recent call last):
  File "E:\hkmu-Project2022\FYP-AutomationWebTesting\automation-web-selenium\lib\site-packages\ddt.py", line 220, in wrapper
    return func(self, *args, **kwargs)
  File "e:\hkmu-Project2022\FYP-AutomationWebTesting\src\KFC\tests\profilepage_ddt_test.py", line 37, in test_modify_gender
    current_variable = profile_gender.get_currnet_gender()
  File "./src/KFC\pages\Pages.py", line 129, in get_currnet_gender
    return self.driver.find_element(ProfilePageLocators.gender_current_text).text
  File "E:\hkmu-Project2022\FYP-AutomationWebTesting\automation-web-selenium\lib\site-packages\selenium\webdriver\remote\webdriver.py", line 861, in find_element
    return self.execute(Command.FIND_ELEMENT, {"using": by, "value": value})["value"]
  File "E:\hkmu-Project2022\FYP-AutomationWebTesting\automation-web-selenium\lib\site-packages\selenium\webdriver\remote\webdriver.py", line 444, in execute
    self.error_handler.check_response(response)
  File "E:\hkmu-Project2022\FYP-AutomationWebTesting\automation-web-selenium\lib\site-packages\selenium\webdriver\remote\errorhandler.py", line 249, in check_response
    raise exception_class(message, screen, stacktrace)
selenium.common.exceptions.InvalidArgumentException: Message: invalid argument: 'using' must be a string
  (Session info: chrome=109.0.5414.120)
Stacktrace:
Backtrace:
	(No symbol) [0x00756643]
	(No symbol) [0x006EBE21]
	(No symbol) [0x005EDA9D]
	(No symbol) [0x006213F3]
	(No symbol) [0x0062147B]
	(No symbol) [0x00658DC2]
	(No symbol) [0x0063FDC4]
	(No symbol) [0x00656B09]
	(No symbol) [0x0063FB76]
	(No symbol) [0x006149C1]
	(No symbol) [0x00615E5D]
	GetHandleVerifier [0x009CA142+2497106]
	GetHandleVerifier [0x009F85D3+2686691]
	GetHandleVerifier [0x009FBB9C+2700460]
	GetHandleVerifier [0x00803B10+635936]
	(No symbol) [0x006F4A1F]
	(No symbol) [0x006FA418]
	(No symbol) [0x006FA505]
	(No symbol) [0x0070508B]
	BaseThreadInitThunk [0x74E000F9+25]
	RtlGetAppContainerNamedObjectPath [0x76F47BBE+286]
	RtlGetAppContainerNamedObjectPath [0x76F47B8E+238]

</p>
                            </td>
                        </tr>
                        <tr class='success'>
                            <td class="col-xs-10">test_modify_username</td>
                            <td class="col-xs-1">
                                <span class="label label-success" style="display:block;width:40px;">Pass</span>
                            </td>
                            <td class="col-xs-1">
                                <button class="btn btn-default btn-xs">View</button>
                            </td>
                        </tr>
                        <tr style="display:none;">
                            <td class="col-xs-9" colspan="3"><p>Test completed
</p>
                            </td>
                        </tr>
                        <tr>
                            <td colspan="3">
                                Total: 4, Pass: 1, Error: 3 -- Duration: 37.07 s
                            </td>
                        </tr>
                    </tbody>
                </table>
            </div>
        </div>
    </div>
    <script src="https://ajax.googleapis.com/ajax/libs/jquery/2.2.4/jquery.min.js"></script>
    <script type="text/javascript">
        $(document).ready(function(){
            $('td').on('click', '.btn', function(e){
                e.preventDefault();
                e.stopImmediatePropagation();
                var $this = $(this);
                var $nextRow = $this.closest('tr').next('tr');
                $nextRow.slideToggle("fast");
                $this.text(function(i, text){
                    if (text === 'View') {
                        return 'Hide';
                    } else {
                        return 'View';
                    };
                });
            });
        });
    </script>
</body>
</html