<!DOCTYPE html>
<html>
<head>
    <title>Test Report</title>
    <meta charset="utf-8">
    <meta name="viewport" content="width=device-width, initial-scale=1.0">
    <link rel="stylesheet" href="https://maxcdn.bootstrapcdn.com/bootstrap/3.3.6/css/bootstrap.min.css" integrity="sha384-1q8mTJOASx8j1Au+a5WDVnPi2lkFfwwEAa8hDDdjZlpLegxhjVME1fgjWPGmkzs7" crossorigin="anonymous">
</head>
<body>
    <div class="container">
        <div class="row">
            <div class="col-xs-12">
                <h2 class="text-capitalize">Test Report</h2>
                <p class='attribute'><strong>Start Time: </strong>2023-02-09 23:17:12</p>
                <p class='attribute'><strong>Duration: </strong>15.87 s</p>
                <p class='attribute'><strong>Summary: </strong>Total: 2, Pass: 1, Error: 1</p>
            </div>
        </div>
        <div class="row">
            <div class="col-xs-12 col-sm-10 col-md-10">
                <table class='table table-hover table-responsive'>
                    <thead>
                        <tr>
                            <th>loginpage_test.LoginPageTest</th>
                            <th>Status</th>
                            <th></th>
                        </tr>
                    </thead>
                    <tbody>
                        <tr class='warning'>
                            <td class="col-xs-10">test_loginlogout_phonenumber</td>
                            <td class="col-xs-1">
                                <span class="label label-warning" style="display:block;width:40px;">Error</span>
                            </td>
                            <td class="col-xs-1">
                                <button class="btn btn-default btn-xs">View</button>
                            </td>
                        </tr>
                        <tr style="display:none;">
                            <td class="col-xs-9" colspan="3"><p>Test completed
</p><p style="color:maroon;">ElementClickInterceptedException: Message: element click intercepted: Element <div class="login" data-v-f29676f4="">...</div> is not clickable at point (338, 24). Other element would receive the click: <body ondblclick="doubleClick()" style="background-color: rgb(255, 255, 255);" class="van-toast--unclickable">...</body>
  (Session info: chrome=109.0.5414.120)
Stacktrace:
Backtrace:
	(No symbol) [0x01086643]
	(No symbol) [0x0101BE21]
	(No symbol) [0x00F1DA9D]
	(No symbol) [0x00F592B2]
	(No symbol) [0x00F56970]
	(No symbol) [0x00F53E0B]
	(No symbol) [0x00F52548]
	(No symbol) [0x00F46B13]
	(No symbol) [0x00F6FD7C]
	(No symbol) [0x00F4641F]
	(No symbol) [0x00F700D4]
	(No symbol) [0x00F86B09]
	(No symbol) [0x00F6FB76]
	(No symbol) [0x00F449C1]
	(No symbol) [0x00F45E5D]
	GetHandleVerifier [0x012FA142+2497106]
	GetHandleVerifier [0x013285D3+2686691]
	GetHandleVerifier [0x0132BB9C+2700460]
	GetHandleVerifier [0x01133B10+635936]
	(No symbol) [0x01024A1F]
	(No symbol) [0x0102A418]
	(No symbol) [0x0102A505]
	(No symbol) [0x0103508B]
	BaseThreadInitThunk [0x75B800F9+25]
	RtlGetAppContainerNamedObjectPath [0x77587BBE+286]
	RtlGetAppContainerNamedObjectPath [0x77587B8E+238]
</p><p style="color:maroon;">Traceback (most recent call last):
  File "e:\hkmu-Project2022\FYP-AutomationWebTesting\src\KFC\tests\loginpage_test.py", line 31, in test_loginlogout_phonenumber
    login.go_loginpage()
  File "./src/KFC\pages\Pages.py", line 19, in go_loginpage
    WebDriverWait(self.driver, 20).until(EC.element_to_be_clickable(MainpageLocators.loginpage_button)).click()
  File "E:\hkmu-Project2022\FYP-AutomationWebTesting\automation-web-selenium\lib\site-packages\selenium\webdriver\remote\webelement.py", line 93, in click
    self._execute(Command.CLICK_ELEMENT)
  File "E:\hkmu-Project2022\FYP-AutomationWebTesting\automation-web-selenium\lib\site-packages\selenium\webdriver\remote\webelement.py", line 410, in _execute
    return self._parent.execute(command, params)
  File "E:\hkmu-Project2022\FYP-AutomationWebTesting\automation-web-selenium\lib\site-packages\selenium\webdriver\remote\webdriver.py", line 444, in execute
    self.error_handler.check_response(response)
  File "E:\hkmu-Project2022\FYP-AutomationWebTesting\automation-web-selenium\lib\site-packages\selenium\webdriver\remote\errorhandler.py", line 249, in check_response
    raise exception_class(message, screen, stacktrace)
selenium.common.exceptions.ElementClickInterceptedException: Message: element click intercepted: Element <div class="login" data-v-f29676f4="">...</div> is not clickable at point (338, 24). Other element would receive the click: <body ondblclick="doubleClick()" style="background-color: rgb(255, 255, 255);" class="van-toast--unclickable">...</body>
  (Session info: chrome=109.0.5414.120)
Stacktrace:
Backtrace:
	(No symbol) [0x01086643]
	(No symbol) [0x0101BE21]
	(No symbol) [0x00F1DA9D]
	(No symbol) [0x00F592B2]
	(No symbol) [0x00F56970]
	(No symbol) [0x00F53E0B]
	(No symbol) [0x00F52548]
	(No symbol) [0x00F46B13]
	(No symbol) [0x00F6FD7C]
	(No symbol) [0x00F4641F]
	(No symbol) [0x00F700D4]
	(No symbol) [0x00F86B09]
	(No symbol) [0x00F6FB76]
	(No symbol) [0x00F449C1]
	(No symbol) [0x00F45E5D]
	GetHandleVerifier [0x012FA142+2497106]
	GetHandleVerifier [0x013285D3+2686691]
	GetHandleVerifier [0x0132BB9C+2700460]
	GetHandleVerifier [0x01133B10+635936]
	(No symbol) [0x01024A1F]
	(No symbol) [0x0102A418]
	(No symbol) [0x0102A505]
	(No symbol) [0x0103508B]
	BaseThreadInitThunk [0x75B800F9+25]
	RtlGetAppContainerNamedObjectPath [0x77587BBE+286]
	RtlGetAppContainerNamedObjectPath [0x77587B8E+238]

</p>
                            </td>
                        </tr>
                        <tr class='success'>
                            <td class="col-xs-10">test_loginpage_ui</td>
                            <td class="col-xs-1">
                                <span class="label label-success" style="display:block;width:40px;">Pass</span>
                            </td>
                            <td class="col-xs-1">
                                <button class="btn btn-default btn-xs">View</button>
                            </td>
                        </tr>
                        <tr style="display:none;">
                            <td class="col-xs-9" colspan="3"><p>SSIM: 0.9981297768426302
None
Test completed
</p>
                            </td>
                        </tr>
                        <tr>
                            <td colspan="3">
                                Total: 2, Pass: 1, Error: 1 -- Duration: 15.87 s
                            </td>
                        </tr>
                    </tbody>
                </table>
            </div>
        </div>
    </div>
    <script src="https://ajax.googleapis.com/ajax/libs/jquery/2.2.4/jquery.min.js"></script>
    <script type="text/javascript">
        $(document).ready(function(){
            $('td').on('click', '.btn', function(e){
                e.preventDefault();
                e.stopImmediatePropagation();
                var $this = $(this);
                var $nextRow = $this.closest('tr').next('tr');
                $nextRow.slideToggle("fast");
                $this.text(function(i, text){
                    if (text === 'View') {
                        return 'Hide';
                    } else {
                        return 'View';
                    };
                });
            });
        });
    </script>
</body>
</html